Jun  9 14:35:48 cscript script processing begins
Jun  9 14:35:48 reading commit script configuration
Jun  9 14:35:48 testing commit script configuration
Jun  9 14:35:48 cscript script processing ends
Jun  9 14:45:55 cscript script processing begins
Jun  9 14:45:55 reading commit script configuration
Jun  9 14:45:55 testing commit script configuration
Jun  9 14:45:55 cscript script processing ends
Jun  9 14:51:26 cscript script processing begins
Jun  9 14:51:26 reading commit script configuration
Jun  9 14:51:26 testing commit script configuration
Jun  9 14:51:26 cscript script processing ends
Jun  9 15:42:20 cscript script processing begins
Jun  9 15:42:20 reading commit script configuration
Jun  9 15:42:20 testing commit script configuration
Jun  9 15:42:20 cscript script processing ends
Jun  9 15:55:42 cscript script processing begins
Jun  9 15:55:42 reading commit script configuration
Jun  9 15:55:42 testing commit script configuration
Jun  9 15:55:42 cscript script processing ends
Jun  9 17:52:30 cscript script processing begins
Jun  9 17:52:30 reading commit script configuration
Jun  9 17:52:30 testing commit script configuration
Jun  9 17:52:30 cscript script processing ends
Oct 20 07:26:26 cscript script processing begins
Oct 20 07:26:27 reading commit script configuration
Oct 20 07:26:27 testing commit script configuration
Oct 20 07:26:27 cscript script processing ends
Oct 20 07:56:29 cscript script processing begins
Oct 20 07:56:29 reading commit script configuration
Oct 20 07:56:29 testing commit script configuration
Oct 20 07:56:29 cscript script processing ends
Oct 20 07:59:19 cscript script processing begins
Oct 20 07:59:19 reading commit script configuration
Oct 20 07:59:19 testing commit script configuration
Oct 20 07:59:19 cscript script processing ends
Oct 20 08:02:06 cscript script processing begins
Oct 20 08:02:06 reading commit script configuration
Oct 20 08:02:06 testing commit script configuration
Oct 20 08:02:06 cscript script processing ends
Oct 20 08:07:57 cscript script processing begins
Oct 20 08:07:57 reading commit script configuration
Oct 20 08:07:57 testing commit script configuration
Oct 20 08:07:57 cscript script processing ends
Oct 20 08:16:27 cscript script processing begins
Oct 20 08:16:27 reading commit script configuration
Oct 20 08:16:27 testing commit script configuration
Oct 20 08:16:27 cscript script processing ends
Oct 20 08:25:35 cscript script processing begins
Oct 20 08:25:35 reading commit script configuration
Oct 20 08:25:35 testing commit script configuration
Oct 20 08:25:35 cscript script processing ends
Oct 20 08:28:15 cscript script processing begins
Oct 20 08:28:15 reading commit script configuration
Oct 20 08:28:15 testing commit script configuration
Oct 20 08:28:15 cscript script processing ends
Oct 20 08:29:12 cscript script processing begins
Oct 20 08:29:12 reading commit script configuration
Oct 20 08:29:12 testing commit script configuration
Oct 20 08:29:12 cscript script processing ends
Oct 20 08:37:05 cscript script processing begins
Oct 20 08:37:05 reading commit script configuration
Oct 20 08:37:05 testing commit script configuration
Oct 20 08:37:05 cscript script processing ends
Oct 20 08:39:32 cscript script processing begins
Oct 20 08:39:32 reading commit script configuration
Oct 20 08:39:32 testing commit script configuration
Oct 20 08:39:32 cscript script processing ends
Oct 20 08:41:50 cscript script processing begins
Oct 20 08:41:50 reading commit script configuration
Oct 20 08:41:50 testing commit script configuration
Oct 20 08:41:50 cscript script processing ends
Oct 20 08:44:48 cscript script processing begins
Oct 20 08:44:48 reading commit script configuration
Oct 20 08:44:48 testing commit script configuration
Oct 20 08:44:48 cscript script processing ends
Oct 20 08:48:47 cscript script processing begins
Oct 20 08:48:47 reading commit script configuration
Oct 20 08:48:47 testing commit script configuration
Oct 20 08:48:47 cscript script processing ends
Oct 20 09:12:35 cscript script processing begins
Oct 20 09:12:35 reading commit script configuration
Oct 20 09:12:35 testing commit script configuration
Oct 20 09:12:35 cscript script processing ends
Oct 20 09:15:28 cscript script processing begins
Oct 20 09:15:28 reading commit script configuration
Oct 20 09:15:28 testing commit script configuration
Oct 20 09:15:28 cscript script processing ends
Oct 20 09:23:15 cscript script processing begins
Oct 20 09:23:15 reading commit script configuration
Oct 20 09:23:15 testing commit script configuration
Oct 20 09:23:15 cscript script processing ends
Oct 20 09:27:07 cscript script processing begins
Oct 20 09:27:07 reading commit script configuration
Oct 20 09:27:07 testing commit script configuration
Oct 20 09:27:07 cscript script processing ends
Oct 20 09:29:46 cscript script processing begins
Oct 20 09:29:46 reading commit script configuration
Oct 20 09:29:46 testing commit script configuration
Oct 20 09:29:46 cscript script processing ends
